TN:
SF:C:\Users\du_so\Desktop\Github\GoBarber\mobile\src\assets\logo.png
FNF:0
FNH:0
DA:1,1
LF:1
LH:1
BRF:0
BRH:0
end_of_record
TN:
SF:C:\Users\du_so\Desktop\Github\GoBarber\mobile\src\components\Button\index.tsx
FN:10,(anonymous_0)
FNF:1
FNH:1
FNDA:1,(anonymous_0)
DA:10,1
DA:11,1
LF:2
LH:2
BRF:0
BRH:0
end_of_record
TN:
SF:C:\Users\du_so\Desktop\Github\GoBarber\mobile\src\components\Button\styles.ts
FNF:0
FNH:0
DA:4,1
DA:15,1
LF:2
LH:2
BRF:0
BRH:0
end_of_record
TN:
SF:C:\Users\du_so\Desktop\Github\GoBarber\mobile\src\components\Input\index.tsx
FN:28,(anonymous_0)
FN:40,(anonymous_1)
FN:44,(anonymous_2)
FN:49,(anonymous_3)
FN:50,(anonymous_4)
FN:55,(anonymous_5)
FN:60,(anonymous_6)
FN:64,(anonymous_7)
FN:85,(anonymous_8)
FNF:9
FNH:3
FNDA:2,(anonymous_0)
FNDA:0,(anonymous_1)
FNDA:0,(anonymous_2)
FNDA:1,(anonymous_3)
FNDA:0,(anonymous_4)
FNDA:2,(anonymous_5)
FNDA:0,(anonymous_6)
FNDA:0,(anonymous_7)
FNDA:0,(anonymous_8)
DA:28,1
DA:32,2
DA:34,2
DA:35,2
DA:37,2
DA:38,2
DA:40,2
DA:41,0
DA:44,2
DA:45,0
DA:46,0
DA:49,2
DA:51,0
DA:55,2
DA:56,2
DA:61,0
DA:62,0
DA:65,0
DA:66,0
DA:71,2
DA:86,0
LF:21
LH:12
BRDA:29,0,0,2
BRDA:34,1,0,2
BRDA:76,2,0,0
BRDA:76,2,1,2
BRDA:76,3,0,2
BRDA:76,3,1,2
BRF:6
BRH:5
end_of_record
TN:
SF:C:\Users\du_so\Desktop\Github\GoBarber\mobile\src\components\Input\styles.ts
FN:22,(anonymous_0)
FN:28,(anonymous_1)
FNF:2
FNH:2
FNDA:2,(anonymous_0)
FNDA:2,(anonymous_1)
DA:9,1
DA:23,2
DA:29,2
DA:35,1
DA:42,1
LF:5
LH:5
BRDA:23,0,0,2
BRDA:23,0,1,0
BRDA:29,1,0,2
BRDA:29,1,1,0
BRF:4
BRH:2
end_of_record
TN:
SF:C:\Users\du_so\Desktop\Github\GoBarber\mobile\src\hooks\auth.tsx
FN:39,(anonymous_0)
FN:43,(anonymous_1)
FN:44,loadStorageData
FN:62,(anonymous_3)
FN:82,(anonymous_4)
FN:89,(anonymous_5)
FN:109,useAuth
FNF:7
FNH:1
FNDA:0,(anonymous_0)
FNDA:0,(anonymous_1)
FNDA:0,loadStorageData
FNDA:0,(anonymous_3)
FNDA:0,(anonymous_4)
FNDA:0,(anonymous_5)
FNDA:1,useAuth
DA:37,1
DA:39,1
DA:40,0
DA:41,0
DA:43,0
DA:45,0
DA:50,0
DA:51,0
DA:53,0
DA:56,0
DA:59,0
DA:62,0
DA:63,0
DA:68,0
DA:70,0
DA:72,0
DA:77,0
DA:79,0
DA:82,0
DA:83,0
DA:85,0
DA:88,0
DA:90,0
DA:92,0
DA:100,0
DA:110,1
DA:112,1
DA:113,0
DA:116,1
LF:29
LH:5
BRDA:50,0,0,0
BRDA:50,0,1,0
BRDA:50,1,0,0
BRDA:50,1,1,0
BRDA:112,2,0,0
BRDA:112,2,1,1
BRF:6
BRH:1
end_of_record
TN:
SF:C:\Users\du_so\Desktop\Github\GoBarber\mobile\src\pages\SignIn\index.tsx
FN:41,(anonymous_0)
FN:49,(anonymous_1)
FN:111,(anonymous_2)
FN:122,(anonymous_3)
FN:128,(anonymous_4)
FN:136,(anonymous_5)
FN:142,(anonymous_6)
FNF:7
FNH:1
FNDA:1,(anonymous_0)
FNDA:0,(anonymous_1)
FNDA:0,(anonymous_2)
FNDA:0,(anonymous_3)
FNDA:0,(anonymous_4)
FNDA:0,(anonymous_5)
FNDA:0,(anonymous_6)
DA:41,1
DA:42,1
DA:43,1
DA:44,1
DA:46,1
DA:48,1
DA:50,0
DA:51,0
DA:53,0
DA:60,0
DA:64,0
DA:69,0
DA:70,0
DA:72,0
DA:75,0
DA:84,1
DA:112,0
DA:123,0
DA:129,0
DA:136,0
DA:142,0
LF:21
LH:7
BRDA:69,0,0,0
BRDA:69,0,1,0
BRDA:88,1,0,1
BRDA:88,1,1,0
BRF:4
BRH:1
end_of_record
TN:
SF:C:\Users\du_so\Desktop\Github\GoBarber\mobile\src\pages\SignIn\styles.ts
FNF:0
FNH:0
DA:5,1
DA:12,1
DA:19,1
DA:23,1
DA:29,1
DA:45,1
LF:6
LH:6
BRDA:9,0,0,0
BRDA:9,0,1,1
BRF:2
BRH:1
end_of_record
TN:
SF:C:\Users\du_so\Desktop\Github\GoBarber\mobile\src\services\api.ts
FNF:0
FNH:0
DA:3,1
LF:1
LH:1
BRF:0
BRH:0
end_of_record
TN:
SF:C:\Users\du_so\Desktop\Github\GoBarber\mobile\src\utils\getValidationErrors.ts
FN:7,getValidationErrors
FN:10,(anonymous_1)
FNF:2
FNH:0
FNDA:0,getValidationErrors
FNDA:0,(anonymous_1)
DA:8,0
DA:10,0
DA:11,0
DA:14,0
LF:4
LH:0
BRF:0
BRH:0
end_of_record
